INFO [2025-01-31 12:51:26] $x
INFO [2025-01-31 12:51:26] list(`Asset Test` = which(Rep_rates_df_subset$Asset_test_flag == 
INFO [2025-01-31 12:51:26]     1), `Partner Test` = which(Rep_rates_df_subset$partner_test_flag == 
INFO [2025-01-31 12:51:26]     1), `Income Test (from non-work income)` = which(Rep_rates_df_subset$nonworkincome_income_test == 
INFO [2025-01-31 12:51:26]     1))
INFO [2025-01-31 12:51:26] 
INFO [2025-01-31 12:51:26] $filename
INFO [2025-01-31 12:51:26] NULL
INFO [2025-01-31 12:51:26] 
INFO [2025-01-31 12:51:26] $fill
INFO [2025-01-31 12:51:26] c("#ED7F00", "#008080", "#6A5ACD")
INFO [2025-01-31 12:51:26] 
INFO [2025-01-31 12:51:26] $alpha
INFO [2025-01-31 12:51:26] [1] 0.5
INFO [2025-01-31 12:51:26] 
INFO [2025-01-31 12:51:26] $cat.col
INFO [2025-01-31 12:51:26] c("#ED7F00", "#008080", "#6A5ACD")
INFO [2025-01-31 12:51:26] 
INFO [2025-01-31 12:51:26] $cex
INFO [2025-01-31 12:51:26] [1] 0
INFO [2025-01-31 12:51:26] 
INFO [2025-01-31 12:51:26] $cat.cex
INFO [2025-01-31 12:51:26] [1] 1.2
INFO [2025-01-31 12:51:26] 
INFO [2025-01-31 12:51:26] $lwd
INFO [2025-01-31 12:51:26] [1] 2
INFO [2025-01-31 12:51:26] 
INFO [2025-01-31 12:51:26] $main
INFO [2025-01-31 12:51:26] [1] "Job Seeker and Parenting Payment Eligibility Tests"
INFO [2025-01-31 12:51:26] 
