INFO [2025-02-03 09:21:35] $x
INFO [2025-02-03 09:21:35] list(`Asset Test` = which(Rep_rates_df_subset$Asset_test_flag == 
INFO [2025-02-03 09:21:35]     1), `Partner Test` = which(Rep_rates_df_subset$partner_test_flag == 
INFO [2025-02-03 09:21:35]     1), `Income Test (from non-work income)` = which(Rep_rates_df_subset$nonworkincome_income_test == 
INFO [2025-02-03 09:21:35]     1))
INFO [2025-02-03 09:21:35] 
INFO [2025-02-03 09:21:35] $filename
INFO [2025-02-03 09:21:35] NULL
INFO [2025-02-03 09:21:35] 
INFO [2025-02-03 09:21:35] $fill
INFO [2025-02-03 09:21:35] c("#ED7F00", "#008080", "#6A5ACD")
INFO [2025-02-03 09:21:35] 
INFO [2025-02-03 09:21:35] $alpha
INFO [2025-02-03 09:21:35] [1] 0.5
INFO [2025-02-03 09:21:35] 
INFO [2025-02-03 09:21:35] $cat.col
INFO [2025-02-03 09:21:35] c("#ED7F00", "#008080", "#6A5ACD")
INFO [2025-02-03 09:21:35] 
INFO [2025-02-03 09:21:35] $cex
INFO [2025-02-03 09:21:35] [1] 0
INFO [2025-02-03 09:21:35] 
INFO [2025-02-03 09:21:35] $cat.cex
INFO [2025-02-03 09:21:35] [1] 1.2
INFO [2025-02-03 09:21:35] 
INFO [2025-02-03 09:21:35] $lwd
INFO [2025-02-03 09:21:35] [1] 2
INFO [2025-02-03 09:21:35] 
INFO [2025-02-03 09:21:35] $main
INFO [2025-02-03 09:21:35] [1] "Job Seeker and Parenting Payment Eligibility Tests"
INFO [2025-02-03 09:21:35] 
