INFO [2025-01-30 11:03:03] $x
INFO [2025-01-30 11:03:03] list(`Asset Test` = which(Rep_rates_df_subset$Asset_test_flag == 
INFO [2025-01-30 11:03:03]     1), `Partner Test` = which(Rep_rates_df_subset$partner_test_flag == 
INFO [2025-01-30 11:03:03]     1), `Income Test (from non-work income)` = which(Rep_rates_df_subset$nonworkincome_income_test == 
INFO [2025-01-30 11:03:03]     1))
INFO [2025-01-30 11:03:03] 
INFO [2025-01-30 11:03:03] $filename
INFO [2025-01-30 11:03:03] NULL
INFO [2025-01-30 11:03:03] 
INFO [2025-01-30 11:03:03] $fill
INFO [2025-01-30 11:03:03] c("#ED7F00", "#008080", "#6A5ACD")
INFO [2025-01-30 11:03:03] 
INFO [2025-01-30 11:03:03] $alpha
INFO [2025-01-30 11:03:03] [1] 0.5
INFO [2025-01-30 11:03:03] 
INFO [2025-01-30 11:03:03] $cat.col
INFO [2025-01-30 11:03:03] c("#ED7F00", "#008080", "#6A5ACD")
INFO [2025-01-30 11:03:03] 
INFO [2025-01-30 11:03:03] $cex
INFO [2025-01-30 11:03:03] [1] 0
INFO [2025-01-30 11:03:03] 
INFO [2025-01-30 11:03:03] $cat.cex
INFO [2025-01-30 11:03:03] [1] 1.2
INFO [2025-01-30 11:03:03] 
INFO [2025-01-30 11:03:03] $lwd
INFO [2025-01-30 11:03:03] [1] 2
INFO [2025-01-30 11:03:03] 
INFO [2025-01-30 11:03:03] $main
INFO [2025-01-30 11:03:03] [1] "Job Seeker and Parenting Payment Eligibility Tests"
INFO [2025-01-30 11:03:03] 
