INFO [2025-01-24 15:50:05] $x
INFO [2025-01-24 15:50:05] list(`Asset Test` = which(Rep_rates_df_subset$Asset_test_flag == 
INFO [2025-01-24 15:50:05]     1), `Partner Test` = which(Rep_rates_df_subset$partner_test_flag == 
INFO [2025-01-24 15:50:05]     1), `Income Test (from non-work income)` = which(Rep_rates_df_subset$nonworkincome_income_test == 
INFO [2025-01-24 15:50:05]     1))
INFO [2025-01-24 15:50:05] 
INFO [2025-01-24 15:50:05] $filename
INFO [2025-01-24 15:50:05] NULL
INFO [2025-01-24 15:50:05] 
INFO [2025-01-24 15:50:05] $fill
INFO [2025-01-24 15:50:05] c("#ED7F00", "#008080", "#6A5ACD")
INFO [2025-01-24 15:50:05] 
INFO [2025-01-24 15:50:05] $alpha
INFO [2025-01-24 15:50:05] [1] 0.5
INFO [2025-01-24 15:50:05] 
INFO [2025-01-24 15:50:05] $cat.col
INFO [2025-01-24 15:50:05] c("#ED7F00", "#008080", "#6A5ACD")
INFO [2025-01-24 15:50:05] 
INFO [2025-01-24 15:50:05] $cex
INFO [2025-01-24 15:50:05] [1] 0
INFO [2025-01-24 15:50:05] 
INFO [2025-01-24 15:50:05] $cat.cex
INFO [2025-01-24 15:50:05] [1] 1.2
INFO [2025-01-24 15:50:05] 
INFO [2025-01-24 15:50:05] $lwd
INFO [2025-01-24 15:50:05] [1] 2
INFO [2025-01-24 15:50:05] 
INFO [2025-01-24 15:50:05] $main
INFO [2025-01-24 15:50:05] [1] "Job Seeker and Parenting Payment Eligibility Tests"
INFO [2025-01-24 15:50:05] 
