INFO [2025-07-28 12:50:11] $x
INFO [2025-07-28 12:50:11] list(`Asset Test` = which(Rep_rates_df_subset$Asset_test_flag == 
INFO [2025-07-28 12:50:11]     1), `Partner Test` = which(Rep_rates_df_subset$partner_test_flag == 
INFO [2025-07-28 12:50:11]     1), `Income Test (from non-work income)` = which(Rep_rates_df_subset$nonworkincome_income_test == 
INFO [2025-07-28 12:50:11]     1))
INFO [2025-07-28 12:50:11] 
INFO [2025-07-28 12:50:11] $filename
INFO [2025-07-28 12:50:11] NULL
INFO [2025-07-28 12:50:11] 
INFO [2025-07-28 12:50:11] $fill
INFO [2025-07-28 12:50:11] c("#ED7F00", "#008080", "#6A5ACD")
INFO [2025-07-28 12:50:11] 
INFO [2025-07-28 12:50:11] $alpha
INFO [2025-07-28 12:50:11] [1] 0.5
INFO [2025-07-28 12:50:11] 
INFO [2025-07-28 12:50:11] $cat.col
INFO [2025-07-28 12:50:11] c("#ED7F00", "#008080", "#6A5ACD")
INFO [2025-07-28 12:50:11] 
INFO [2025-07-28 12:50:11] $cex
INFO [2025-07-28 12:50:11] [1] 0
INFO [2025-07-28 12:50:11] 
INFO [2025-07-28 12:50:11] $cat.cex
INFO [2025-07-28 12:50:11] [1] 1.2
INFO [2025-07-28 12:50:11] 
INFO [2025-07-28 12:50:11] $lwd
INFO [2025-07-28 12:50:11] [1] 2
INFO [2025-07-28 12:50:11] 
INFO [2025-07-28 12:50:11] $main
INFO [2025-07-28 12:50:11] [1] "Job Seeker and Parenting Payment Eligibility Tests"
INFO [2025-07-28 12:50:11] 
