INFO [2025-07-28 12:56:29] $x
INFO [2025-07-28 12:56:29] list(`Asset Test` = which(Rep_rates_df_subset$Asset_test_flag == 
INFO [2025-07-28 12:56:29]     1), `Partner Test` = which(Rep_rates_df_subset$partner_test_flag == 
INFO [2025-07-28 12:56:29]     1), `Income Test (from non-work income)` = which(Rep_rates_df_subset$nonworkincome_income_test == 
INFO [2025-07-28 12:56:29]     1))
INFO [2025-07-28 12:56:29] 
INFO [2025-07-28 12:56:29] $filename
INFO [2025-07-28 12:56:29] NULL
INFO [2025-07-28 12:56:29] 
INFO [2025-07-28 12:56:29] $fill
INFO [2025-07-28 12:56:29] c("#ED7F00", "#008080", "#6A5ACD")
INFO [2025-07-28 12:56:29] 
INFO [2025-07-28 12:56:29] $alpha
INFO [2025-07-28 12:56:29] [1] 0.5
INFO [2025-07-28 12:56:29] 
INFO [2025-07-28 12:56:29] $cat.col
INFO [2025-07-28 12:56:29] c("#ED7F00", "#008080", "#6A5ACD")
INFO [2025-07-28 12:56:29] 
INFO [2025-07-28 12:56:29] $cex
INFO [2025-07-28 12:56:29] [1] 0
INFO [2025-07-28 12:56:29] 
INFO [2025-07-28 12:56:29] $cat.cex
INFO [2025-07-28 12:56:29] [1] 1.2
INFO [2025-07-28 12:56:29] 
INFO [2025-07-28 12:56:29] $lwd
INFO [2025-07-28 12:56:29] [1] 2
INFO [2025-07-28 12:56:29] 
INFO [2025-07-28 12:56:29] $main
INFO [2025-07-28 12:56:29] [1] "Job Seeker and Parenting Payment Eligibility Tests"
INFO [2025-07-28 12:56:29] 
