INFO [2025-02-04 13:01:06] $x
INFO [2025-02-04 13:01:06] list(`Asset Test` = which(Rep_rates_df_subset$Asset_test_flag == 
INFO [2025-02-04 13:01:06]     1), `Partner Test` = which(Rep_rates_df_subset$partner_test_flag == 
INFO [2025-02-04 13:01:06]     1), `Income Test (from non-work income)` = which(Rep_rates_df_subset$nonworkincome_income_test == 
INFO [2025-02-04 13:01:06]     1))
INFO [2025-02-04 13:01:06] 
INFO [2025-02-04 13:01:06] $filename
INFO [2025-02-04 13:01:06] NULL
INFO [2025-02-04 13:01:06] 
INFO [2025-02-04 13:01:06] $fill
INFO [2025-02-04 13:01:06] c("#ED7F00", "#008080", "#6A5ACD")
INFO [2025-02-04 13:01:06] 
INFO [2025-02-04 13:01:06] $alpha
INFO [2025-02-04 13:01:06] [1] 0.5
INFO [2025-02-04 13:01:06] 
INFO [2025-02-04 13:01:06] $cat.col
INFO [2025-02-04 13:01:06] c("#ED7F00", "#008080", "#6A5ACD")
INFO [2025-02-04 13:01:06] 
INFO [2025-02-04 13:01:06] $cex
INFO [2025-02-04 13:01:06] [1] 0
INFO [2025-02-04 13:01:06] 
INFO [2025-02-04 13:01:06] $cat.cex
INFO [2025-02-04 13:01:06] [1] 1.2
INFO [2025-02-04 13:01:06] 
INFO [2025-02-04 13:01:06] $lwd
INFO [2025-02-04 13:01:06] [1] 2
INFO [2025-02-04 13:01:06] 
INFO [2025-02-04 13:01:06] $main
INFO [2025-02-04 13:01:06] [1] "Job Seeker and Parenting Payment Eligibility Tests"
INFO [2025-02-04 13:01:06] 
