INFO [2025-02-04 10:10:49] $x
INFO [2025-02-04 10:10:49] list(`Asset Test` = which(Rep_rates_df_subset$Asset_test_flag == 
INFO [2025-02-04 10:10:49]     1), `Partner Test` = which(Rep_rates_df_subset$partner_test_flag == 
INFO [2025-02-04 10:10:49]     1), `Income Test (from non-work income)` = which(Rep_rates_df_subset$nonworkincome_income_test == 
INFO [2025-02-04 10:10:49]     1))
INFO [2025-02-04 10:10:49] 
INFO [2025-02-04 10:10:49] $filename
INFO [2025-02-04 10:10:49] NULL
INFO [2025-02-04 10:10:49] 
INFO [2025-02-04 10:10:49] $fill
INFO [2025-02-04 10:10:49] c("#ED7F00", "#008080", "#6A5ACD")
INFO [2025-02-04 10:10:49] 
INFO [2025-02-04 10:10:49] $alpha
INFO [2025-02-04 10:10:49] [1] 0.5
INFO [2025-02-04 10:10:49] 
INFO [2025-02-04 10:10:49] $cat.col
INFO [2025-02-04 10:10:49] c("#ED7F00", "#008080", "#6A5ACD")
INFO [2025-02-04 10:10:49] 
INFO [2025-02-04 10:10:49] $cex
INFO [2025-02-04 10:10:49] [1] 0
INFO [2025-02-04 10:10:49] 
INFO [2025-02-04 10:10:49] $cat.cex
INFO [2025-02-04 10:10:49] [1] 1.2
INFO [2025-02-04 10:10:49] 
INFO [2025-02-04 10:10:49] $lwd
INFO [2025-02-04 10:10:49] [1] 2
INFO [2025-02-04 10:10:49] 
INFO [2025-02-04 10:10:49] $main
INFO [2025-02-04 10:10:49] [1] "Job Seeker and Parenting Payment Eligibility Tests"
INFO [2025-02-04 10:10:49] 
