INFO [2025-01-27 17:24:37] $x
INFO [2025-01-27 17:24:37] list(`Asset Test` = which(Rep_rates_df_subset$Asset_test_flag == 
INFO [2025-01-27 17:24:37]     1), `Partner Test` = which(Rep_rates_df_subset$partner_test_flag == 
INFO [2025-01-27 17:24:37]     1), `Income Test (from non-work income)` = which(Rep_rates_df_subset$nonworkincome_income_test == 
INFO [2025-01-27 17:24:37]     1))
INFO [2025-01-27 17:24:37] 
INFO [2025-01-27 17:24:37] $filename
INFO [2025-01-27 17:24:37] NULL
INFO [2025-01-27 17:24:37] 
INFO [2025-01-27 17:24:37] $fill
INFO [2025-01-27 17:24:37] c("#ED7F00", "#008080", "#6A5ACD")
INFO [2025-01-27 17:24:37] 
INFO [2025-01-27 17:24:37] $alpha
INFO [2025-01-27 17:24:37] [1] 0.5
INFO [2025-01-27 17:24:37] 
INFO [2025-01-27 17:24:37] $cat.col
INFO [2025-01-27 17:24:37] c("#ED7F00", "#008080", "#6A5ACD")
INFO [2025-01-27 17:24:37] 
INFO [2025-01-27 17:24:37] $cex
INFO [2025-01-27 17:24:37] [1] 0
INFO [2025-01-27 17:24:37] 
INFO [2025-01-27 17:24:37] $cat.cex
INFO [2025-01-27 17:24:37] [1] 1.2
INFO [2025-01-27 17:24:37] 
INFO [2025-01-27 17:24:37] $lwd
INFO [2025-01-27 17:24:37] [1] 2
INFO [2025-01-27 17:24:37] 
INFO [2025-01-27 17:24:37] $main
INFO [2025-01-27 17:24:37] [1] "Job Seeker and Parenting Payment Eligibility Tests"
INFO [2025-01-27 17:24:37] 
