INFO [2025-01-25 20:13:52] $x
INFO [2025-01-25 20:13:52] list(`Asset Test` = which(Rep_rates_df_subset$Asset_test_flag == 
INFO [2025-01-25 20:13:52]     1), `Partner Test` = which(Rep_rates_df_subset$partner_test_flag == 
INFO [2025-01-25 20:13:52]     1), `Income Test (from non-work income)` = which(Rep_rates_df_subset$nonworkincome_income_test == 
INFO [2025-01-25 20:13:52]     1))
INFO [2025-01-25 20:13:52] 
INFO [2025-01-25 20:13:52] $filename
INFO [2025-01-25 20:13:52] NULL
INFO [2025-01-25 20:13:52] 
INFO [2025-01-25 20:13:52] $fill
INFO [2025-01-25 20:13:52] c("#ED7F00", "#008080", "#6A5ACD")
INFO [2025-01-25 20:13:52] 
INFO [2025-01-25 20:13:52] $alpha
INFO [2025-01-25 20:13:52] [1] 0.5
INFO [2025-01-25 20:13:52] 
INFO [2025-01-25 20:13:52] $cat.col
INFO [2025-01-25 20:13:52] c("#ED7F00", "#008080", "#6A5ACD")
INFO [2025-01-25 20:13:52] 
INFO [2025-01-25 20:13:52] $cex
INFO [2025-01-25 20:13:52] [1] 0
INFO [2025-01-25 20:13:52] 
INFO [2025-01-25 20:13:52] $cat.cex
INFO [2025-01-25 20:13:52] [1] 1.2
INFO [2025-01-25 20:13:52] 
INFO [2025-01-25 20:13:52] $lwd
INFO [2025-01-25 20:13:52] [1] 2
INFO [2025-01-25 20:13:52] 
INFO [2025-01-25 20:13:52] $main
INFO [2025-01-25 20:13:52] [1] "Job Seeker and Parenting Payment Eligibility Tests"
INFO [2025-01-25 20:13:52] 
