INFO [2025-01-27 16:43:14] $x
INFO [2025-01-27 16:43:14] list(`Asset Test` = which(Rep_rates_df_subset$Asset_test_flag == 
INFO [2025-01-27 16:43:14]     1), `Partner Test` = which(Rep_rates_df_subset$partner_test_flag == 
INFO [2025-01-27 16:43:14]     1), `Income Test (from non-work income)` = which(Rep_rates_df_subset$nonworkincome_income_test == 
INFO [2025-01-27 16:43:14]     1))
INFO [2025-01-27 16:43:14] 
INFO [2025-01-27 16:43:14] $filename
INFO [2025-01-27 16:43:14] NULL
INFO [2025-01-27 16:43:14] 
INFO [2025-01-27 16:43:14] $fill
INFO [2025-01-27 16:43:14] c("#ED7F00", "#008080", "#6A5ACD")
INFO [2025-01-27 16:43:14] 
INFO [2025-01-27 16:43:14] $alpha
INFO [2025-01-27 16:43:14] [1] 0.5
INFO [2025-01-27 16:43:14] 
INFO [2025-01-27 16:43:14] $cat.col
INFO [2025-01-27 16:43:14] c("#ED7F00", "#008080", "#6A5ACD")
INFO [2025-01-27 16:43:14] 
INFO [2025-01-27 16:43:14] $cex
INFO [2025-01-27 16:43:14] [1] 0
INFO [2025-01-27 16:43:14] 
INFO [2025-01-27 16:43:14] $cat.cex
INFO [2025-01-27 16:43:14] [1] 1.2
INFO [2025-01-27 16:43:14] 
INFO [2025-01-27 16:43:14] $lwd
INFO [2025-01-27 16:43:14] [1] 2
INFO [2025-01-27 16:43:14] 
INFO [2025-01-27 16:43:14] $main
INFO [2025-01-27 16:43:14] [1] "Job Seeker and Parenting Payment Eligibility Tests"
INFO [2025-01-27 16:43:14] 
