INFO [2025-01-24 15:46:08] $x
INFO [2025-01-24 15:46:08] list(`Asset Test` = which(Rep_rates_df_subset$Asset_test_flag == 
INFO [2025-01-24 15:46:08]     1), `Partner Test` = which(Rep_rates_df_subset$partner_test_flag == 
INFO [2025-01-24 15:46:08]     1), `Income Test (from non-work income)` = which(Rep_rates_df_subset$nonworkincome_income_test == 
INFO [2025-01-24 15:46:08]     1))
INFO [2025-01-24 15:46:08] 
INFO [2025-01-24 15:46:08] $filename
INFO [2025-01-24 15:46:08] NULL
INFO [2025-01-24 15:46:08] 
INFO [2025-01-24 15:46:08] $fill
INFO [2025-01-24 15:46:08] c("#ED7F00", "#008080", "#6A5ACD")
INFO [2025-01-24 15:46:08] 
INFO [2025-01-24 15:46:08] $alpha
INFO [2025-01-24 15:46:08] [1] 0.5
INFO [2025-01-24 15:46:08] 
INFO [2025-01-24 15:46:08] $cat.col
INFO [2025-01-24 15:46:08] c("#ED7F00", "#008080", "#6A5ACD")
INFO [2025-01-24 15:46:08] 
INFO [2025-01-24 15:46:08] $cex
INFO [2025-01-24 15:46:08] [1] 0
INFO [2025-01-24 15:46:08] 
INFO [2025-01-24 15:46:08] $cat.cex
INFO [2025-01-24 15:46:08] [1] 1.2
INFO [2025-01-24 15:46:08] 
INFO [2025-01-24 15:46:08] $lwd
INFO [2025-01-24 15:46:08] [1] 2
INFO [2025-01-24 15:46:08] 
INFO [2025-01-24 15:46:08] $main
INFO [2025-01-24 15:46:08] [1] "Job Seeker and Parenting Payment Eligibility Tests"
INFO [2025-01-24 15:46:08] 
