INFO [2025-03-05 09:21:04] $x
INFO [2025-03-05 09:21:04] list(`Asset Test` = which(Rep_rates_df_subset$Asset_test_flag == 
INFO [2025-03-05 09:21:04]     1), `Partner Test` = which(Rep_rates_df_subset$partner_test_flag == 
INFO [2025-03-05 09:21:04]     1), `Income Test (from non-work income)` = which(Rep_rates_df_subset$nonworkincome_income_test == 
INFO [2025-03-05 09:21:04]     1))
INFO [2025-03-05 09:21:04] 
INFO [2025-03-05 09:21:04] $filename
INFO [2025-03-05 09:21:04] NULL
INFO [2025-03-05 09:21:04] 
INFO [2025-03-05 09:21:04] $fill
INFO [2025-03-05 09:21:04] c("#ED7F00", "#008080", "#6A5ACD")
INFO [2025-03-05 09:21:04] 
INFO [2025-03-05 09:21:04] $alpha
INFO [2025-03-05 09:21:04] [1] 0.5
INFO [2025-03-05 09:21:04] 
INFO [2025-03-05 09:21:04] $cat.col
INFO [2025-03-05 09:21:04] c("#ED7F00", "#008080", "#6A5ACD")
INFO [2025-03-05 09:21:04] 
INFO [2025-03-05 09:21:04] $cex
INFO [2025-03-05 09:21:04] [1] 0
INFO [2025-03-05 09:21:04] 
INFO [2025-03-05 09:21:04] $cat.cex
INFO [2025-03-05 09:21:04] [1] 1.2
INFO [2025-03-05 09:21:04] 
INFO [2025-03-05 09:21:04] $lwd
INFO [2025-03-05 09:21:04] [1] 2
INFO [2025-03-05 09:21:04] 
INFO [2025-03-05 09:21:04] $main
INFO [2025-03-05 09:21:04] [1] "Job Seeker and Parenting Payment Eligibility Tests"
INFO [2025-03-05 09:21:04] 
