INFO [2025-01-30 15:50:39] $x
INFO [2025-01-30 15:50:39] list(`Asset Test` = which(Rep_rates_df_subset$Asset_test_flag == 
INFO [2025-01-30 15:50:39]     1), `Partner Test` = which(Rep_rates_df_subset$partner_test_flag == 
INFO [2025-01-30 15:50:39]     1), `Income Test (from non-work income)` = which(Rep_rates_df_subset$nonworkincome_income_test == 
INFO [2025-01-30 15:50:39]     1))
INFO [2025-01-30 15:50:39] 
INFO [2025-01-30 15:50:39] $filename
INFO [2025-01-30 15:50:39] NULL
INFO [2025-01-30 15:50:39] 
INFO [2025-01-30 15:50:39] $fill
INFO [2025-01-30 15:50:39] c("#ED7F00", "#008080", "#6A5ACD")
INFO [2025-01-30 15:50:39] 
INFO [2025-01-30 15:50:39] $alpha
INFO [2025-01-30 15:50:39] [1] 0.5
INFO [2025-01-30 15:50:39] 
INFO [2025-01-30 15:50:39] $cat.col
INFO [2025-01-30 15:50:39] c("#ED7F00", "#008080", "#6A5ACD")
INFO [2025-01-30 15:50:39] 
INFO [2025-01-30 15:50:39] $cex
INFO [2025-01-30 15:50:39] [1] 0
INFO [2025-01-30 15:50:39] 
INFO [2025-01-30 15:50:39] $cat.cex
INFO [2025-01-30 15:50:39] [1] 1.2
INFO [2025-01-30 15:50:39] 
INFO [2025-01-30 15:50:39] $lwd
INFO [2025-01-30 15:50:39] [1] 2
INFO [2025-01-30 15:50:39] 
INFO [2025-01-30 15:50:39] $main
INFO [2025-01-30 15:50:39] [1] "Job Seeker and Parenting Payment Eligibility Tests"
INFO [2025-01-30 15:50:39] 
