INFO [2025-01-31 08:24:44] $x
INFO [2025-01-31 08:24:44] list(`Asset Test` = which(Rep_rates_df_subset$Asset_test_flag == 
INFO [2025-01-31 08:24:44]     1), `Partner Test` = which(Rep_rates_df_subset$partner_test_flag == 
INFO [2025-01-31 08:24:44]     1), `Income Test (from non-work income)` = which(Rep_rates_df_subset$nonworkincome_income_test == 
INFO [2025-01-31 08:24:44]     1))
INFO [2025-01-31 08:24:44] 
INFO [2025-01-31 08:24:44] $filename
INFO [2025-01-31 08:24:44] NULL
INFO [2025-01-31 08:24:44] 
INFO [2025-01-31 08:24:44] $fill
INFO [2025-01-31 08:24:44] c("#ED7F00", "#008080", "#6A5ACD")
INFO [2025-01-31 08:24:44] 
INFO [2025-01-31 08:24:44] $alpha
INFO [2025-01-31 08:24:44] [1] 0.5
INFO [2025-01-31 08:24:44] 
INFO [2025-01-31 08:24:44] $cat.col
INFO [2025-01-31 08:24:44] c("#ED7F00", "#008080", "#6A5ACD")
INFO [2025-01-31 08:24:44] 
INFO [2025-01-31 08:24:44] $cex
INFO [2025-01-31 08:24:44] [1] 0
INFO [2025-01-31 08:24:44] 
INFO [2025-01-31 08:24:44] $cat.cex
INFO [2025-01-31 08:24:44] [1] 1.2
INFO [2025-01-31 08:24:44] 
INFO [2025-01-31 08:24:44] $lwd
INFO [2025-01-31 08:24:44] [1] 2
INFO [2025-01-31 08:24:44] 
INFO [2025-01-31 08:24:44] $main
INFO [2025-01-31 08:24:44] [1] "Job Seeker and Parenting Payment Eligibility Tests"
INFO [2025-01-31 08:24:44] 
