INFO [2025-02-03 11:58:53] $x
INFO [2025-02-03 11:58:53] list(`Asset Test` = which(Rep_rates_df_subset$Asset_test_flag == 
INFO [2025-02-03 11:58:53]     1), `Partner Test` = which(Rep_rates_df_subset$partner_test_flag == 
INFO [2025-02-03 11:58:53]     1), `Income Test (from non-work income)` = which(Rep_rates_df_subset$nonworkincome_income_test == 
INFO [2025-02-03 11:58:53]     1))
INFO [2025-02-03 11:58:53] 
INFO [2025-02-03 11:58:53] $filename
INFO [2025-02-03 11:58:53] NULL
INFO [2025-02-03 11:58:53] 
INFO [2025-02-03 11:58:53] $fill
INFO [2025-02-03 11:58:53] c("#ED7F00", "#008080", "#6A5ACD")
INFO [2025-02-03 11:58:53] 
INFO [2025-02-03 11:58:53] $alpha
INFO [2025-02-03 11:58:53] [1] 0.5
INFO [2025-02-03 11:58:53] 
INFO [2025-02-03 11:58:53] $cat.col
INFO [2025-02-03 11:58:53] c("#ED7F00", "#008080", "#6A5ACD")
INFO [2025-02-03 11:58:53] 
INFO [2025-02-03 11:58:53] $cex
INFO [2025-02-03 11:58:53] [1] 0
INFO [2025-02-03 11:58:53] 
INFO [2025-02-03 11:58:53] $cat.cex
INFO [2025-02-03 11:58:53] [1] 1.2
INFO [2025-02-03 11:58:53] 
INFO [2025-02-03 11:58:53] $lwd
INFO [2025-02-03 11:58:53] [1] 2
INFO [2025-02-03 11:58:53] 
INFO [2025-02-03 11:58:53] $main
INFO [2025-02-03 11:58:53] [1] "Job Seeker and Parenting Payment Eligibility Tests"
INFO [2025-02-03 11:58:53] 
