INFO [2025-04-15 12:24:28] $x
INFO [2025-04-15 12:24:28] list(`Asset Test` = which(Rep_rates_df_subset$Asset_test_flag == 
INFO [2025-04-15 12:24:28]     1), `Partner Test` = which(Rep_rates_df_subset$partner_test_flag == 
INFO [2025-04-15 12:24:28]     1), `Income Test (from non-work income)` = which(Rep_rates_df_subset$nonworkincome_income_test == 
INFO [2025-04-15 12:24:28]     1))
INFO [2025-04-15 12:24:28] 
INFO [2025-04-15 12:24:28] $filename
INFO [2025-04-15 12:24:28] NULL
INFO [2025-04-15 12:24:28] 
INFO [2025-04-15 12:24:28] $fill
INFO [2025-04-15 12:24:28] c("#ED7F00", "#008080", "#6A5ACD")
INFO [2025-04-15 12:24:28] 
INFO [2025-04-15 12:24:28] $alpha
INFO [2025-04-15 12:24:28] [1] 0.5
INFO [2025-04-15 12:24:28] 
INFO [2025-04-15 12:24:28] $cat.col
INFO [2025-04-15 12:24:28] c("#ED7F00", "#008080", "#6A5ACD")
INFO [2025-04-15 12:24:28] 
INFO [2025-04-15 12:24:28] $cex
INFO [2025-04-15 12:24:28] [1] 0
INFO [2025-04-15 12:24:28] 
INFO [2025-04-15 12:24:28] $cat.cex
INFO [2025-04-15 12:24:28] [1] 1.2
INFO [2025-04-15 12:24:28] 
INFO [2025-04-15 12:24:28] $lwd
INFO [2025-04-15 12:24:28] [1] 2
INFO [2025-04-15 12:24:28] 
INFO [2025-04-15 12:24:28] $main
INFO [2025-04-15 12:24:28] [1] "Job Seeker and Parenting Payment Eligibility Tests"
INFO [2025-04-15 12:24:28] 
