INFO [2025-03-04 15:56:58] $x
INFO [2025-03-04 15:56:58] list(`Asset Test` = which(Rep_rates_df_subset$Asset_test_flag == 
INFO [2025-03-04 15:56:58]     1), `Partner Test` = which(Rep_rates_df_subset$partner_test_flag == 
INFO [2025-03-04 15:56:58]     1), `Income Test (from non-work income)` = which(Rep_rates_df_subset$nonworkincome_income_test == 
INFO [2025-03-04 15:56:58]     1))
INFO [2025-03-04 15:56:58] 
INFO [2025-03-04 15:56:58] $filename
INFO [2025-03-04 15:56:58] NULL
INFO [2025-03-04 15:56:58] 
INFO [2025-03-04 15:56:58] $fill
INFO [2025-03-04 15:56:58] c("#ED7F00", "#008080", "#6A5ACD")
INFO [2025-03-04 15:56:58] 
INFO [2025-03-04 15:56:58] $alpha
INFO [2025-03-04 15:56:58] [1] 0.5
INFO [2025-03-04 15:56:58] 
INFO [2025-03-04 15:56:58] $cat.col
INFO [2025-03-04 15:56:58] c("#ED7F00", "#008080", "#6A5ACD")
INFO [2025-03-04 15:56:58] 
INFO [2025-03-04 15:56:58] $cex
INFO [2025-03-04 15:56:58] [1] 0
INFO [2025-03-04 15:56:58] 
INFO [2025-03-04 15:56:58] $cat.cex
INFO [2025-03-04 15:56:58] [1] 1.2
INFO [2025-03-04 15:56:58] 
INFO [2025-03-04 15:56:58] $lwd
INFO [2025-03-04 15:56:58] [1] 2
INFO [2025-03-04 15:56:58] 
INFO [2025-03-04 15:56:58] $main
INFO [2025-03-04 15:56:58] [1] "Job Seeker and Parenting Payment Eligibility Tests"
INFO [2025-03-04 15:56:58] 
