INFO [2025-01-30 11:05:30] $x
INFO [2025-01-30 11:05:30] list(`Asset Test` = which(Rep_rates_df_subset$Asset_test_flag == 
INFO [2025-01-30 11:05:30]     1), `Partner Test` = which(Rep_rates_df_subset$partner_test_flag == 
INFO [2025-01-30 11:05:30]     1), `Income Test (from non-work income)` = which(Rep_rates_df_subset$nonworkincome_income_test == 
INFO [2025-01-30 11:05:30]     1))
INFO [2025-01-30 11:05:30] 
INFO [2025-01-30 11:05:30] $filename
INFO [2025-01-30 11:05:30] NULL
INFO [2025-01-30 11:05:30] 
INFO [2025-01-30 11:05:30] $fill
INFO [2025-01-30 11:05:30] c("#ED7F00", "#008080", "#6A5ACD")
INFO [2025-01-30 11:05:30] 
INFO [2025-01-30 11:05:30] $alpha
INFO [2025-01-30 11:05:30] [1] 0.5
INFO [2025-01-30 11:05:30] 
INFO [2025-01-30 11:05:30] $cat.col
INFO [2025-01-30 11:05:30] c("#ED7F00", "#008080", "#6A5ACD")
INFO [2025-01-30 11:05:30] 
INFO [2025-01-30 11:05:30] $cex
INFO [2025-01-30 11:05:30] [1] 0
INFO [2025-01-30 11:05:30] 
INFO [2025-01-30 11:05:30] $cat.cex
INFO [2025-01-30 11:05:30] [1] 1.2
INFO [2025-01-30 11:05:30] 
INFO [2025-01-30 11:05:30] $lwd
INFO [2025-01-30 11:05:30] [1] 2
INFO [2025-01-30 11:05:30] 
INFO [2025-01-30 11:05:30] $main
INFO [2025-01-30 11:05:30] [1] "Job Seeker and Parenting Payment Eligibility Tests"
INFO [2025-01-30 11:05:30] 
