INFO [2025-01-31 08:32:57] $x
INFO [2025-01-31 08:32:57] list(`Asset Test` = which(Rep_rates_df_subset$Asset_test_flag == 
INFO [2025-01-31 08:32:57]     1), `Partner Test` = which(Rep_rates_df_subset$partner_test_flag == 
INFO [2025-01-31 08:32:57]     1), `Income Test (from non-work income)` = which(Rep_rates_df_subset$nonworkincome_income_test == 
INFO [2025-01-31 08:32:57]     1))
INFO [2025-01-31 08:32:57] 
INFO [2025-01-31 08:32:57] $filename
INFO [2025-01-31 08:32:57] NULL
INFO [2025-01-31 08:32:57] 
INFO [2025-01-31 08:32:57] $fill
INFO [2025-01-31 08:32:57] c("#ED7F00", "#008080", "#6A5ACD")
INFO [2025-01-31 08:32:57] 
INFO [2025-01-31 08:32:57] $alpha
INFO [2025-01-31 08:32:57] [1] 0.5
INFO [2025-01-31 08:32:57] 
INFO [2025-01-31 08:32:57] $cat.col
INFO [2025-01-31 08:32:57] c("#ED7F00", "#008080", "#6A5ACD")
INFO [2025-01-31 08:32:57] 
INFO [2025-01-31 08:32:57] $cex
INFO [2025-01-31 08:32:57] [1] 0
INFO [2025-01-31 08:32:57] 
INFO [2025-01-31 08:32:57] $cat.cex
INFO [2025-01-31 08:32:57] [1] 1.2
INFO [2025-01-31 08:32:57] 
INFO [2025-01-31 08:32:57] $lwd
INFO [2025-01-31 08:32:57] [1] 2
INFO [2025-01-31 08:32:57] 
INFO [2025-01-31 08:32:57] $main
INFO [2025-01-31 08:32:57] [1] "Job Seeker and Parenting Payment Eligibility Tests"
INFO [2025-01-31 08:32:57] 
