INFO [2025-02-04 14:42:09] $x
INFO [2025-02-04 14:42:09] list(`Asset Test` = which(Rep_rates_df_subset$Asset_test_flag == 
INFO [2025-02-04 14:42:09]     1), `Partner Test` = which(Rep_rates_df_subset$partner_test_flag == 
INFO [2025-02-04 14:42:09]     1), `Income Test (from non-work income)` = which(Rep_rates_df_subset$nonworkincome_income_test == 
INFO [2025-02-04 14:42:09]     1))
INFO [2025-02-04 14:42:09] 
INFO [2025-02-04 14:42:09] $filename
INFO [2025-02-04 14:42:09] NULL
INFO [2025-02-04 14:42:09] 
INFO [2025-02-04 14:42:09] $fill
INFO [2025-02-04 14:42:09] c("#ED7F00", "#008080", "#6A5ACD")
INFO [2025-02-04 14:42:09] 
INFO [2025-02-04 14:42:09] $alpha
INFO [2025-02-04 14:42:09] [1] 0.5
INFO [2025-02-04 14:42:09] 
INFO [2025-02-04 14:42:09] $cat.col
INFO [2025-02-04 14:42:09] c("#ED7F00", "#008080", "#6A5ACD")
INFO [2025-02-04 14:42:09] 
INFO [2025-02-04 14:42:09] $cex
INFO [2025-02-04 14:42:09] [1] 0
INFO [2025-02-04 14:42:09] 
INFO [2025-02-04 14:42:09] $cat.cex
INFO [2025-02-04 14:42:09] [1] 1.2
INFO [2025-02-04 14:42:09] 
INFO [2025-02-04 14:42:09] $lwd
INFO [2025-02-04 14:42:09] [1] 2
INFO [2025-02-04 14:42:09] 
INFO [2025-02-04 14:42:09] $main
INFO [2025-02-04 14:42:09] [1] "Job Seeker and Parenting Payment Eligibility Tests"
INFO [2025-02-04 14:42:09] 
