INFO [2025-01-27 17:11:20] $x
INFO [2025-01-27 17:11:20] list(`Asset Test` = which(Rep_rates_df_subset$Asset_test_flag == 
INFO [2025-01-27 17:11:20]     1), `Partner Test` = which(Rep_rates_df_subset$partner_test_flag == 
INFO [2025-01-27 17:11:20]     1), `Income Test (from non-work income)` = which(Rep_rates_df_subset$nonworkincome_income_test == 
INFO [2025-01-27 17:11:20]     1))
INFO [2025-01-27 17:11:20] 
INFO [2025-01-27 17:11:20] $filename
INFO [2025-01-27 17:11:20] NULL
INFO [2025-01-27 17:11:20] 
INFO [2025-01-27 17:11:20] $fill
INFO [2025-01-27 17:11:20] c("#ED7F00", "#008080", "#6A5ACD")
INFO [2025-01-27 17:11:20] 
INFO [2025-01-27 17:11:20] $alpha
INFO [2025-01-27 17:11:20] [1] 0.5
INFO [2025-01-27 17:11:20] 
INFO [2025-01-27 17:11:20] $cat.col
INFO [2025-01-27 17:11:20] c("#ED7F00", "#008080", "#6A5ACD")
INFO [2025-01-27 17:11:20] 
INFO [2025-01-27 17:11:20] $cex
INFO [2025-01-27 17:11:20] [1] 0
INFO [2025-01-27 17:11:20] 
INFO [2025-01-27 17:11:20] $cat.cex
INFO [2025-01-27 17:11:20] [1] 1.2
INFO [2025-01-27 17:11:20] 
INFO [2025-01-27 17:11:20] $lwd
INFO [2025-01-27 17:11:20] [1] 2
INFO [2025-01-27 17:11:20] 
INFO [2025-01-27 17:11:20] $main
INFO [2025-01-27 17:11:20] [1] "Job Seeker and Parenting Payment Eligibility Tests"
INFO [2025-01-27 17:11:20] 
