INFO [2025-07-16 14:44:47] $x
INFO [2025-07-16 14:44:47] list(`Asset Test` = which(Rep_rates_df_subset$Asset_test_flag == 
INFO [2025-07-16 14:44:47]     1), `Partner Test` = which(Rep_rates_df_subset$partner_test_flag == 
INFO [2025-07-16 14:44:47]     1), `Income Test (from non-work income)` = which(Rep_rates_df_subset$nonworkincome_income_test == 
INFO [2025-07-16 14:44:47]     1))
INFO [2025-07-16 14:44:47] 
INFO [2025-07-16 14:44:47] $filename
INFO [2025-07-16 14:44:47] NULL
INFO [2025-07-16 14:44:47] 
INFO [2025-07-16 14:44:47] $fill
INFO [2025-07-16 14:44:47] c("#ED7F00", "#008080", "#6A5ACD")
INFO [2025-07-16 14:44:47] 
INFO [2025-07-16 14:44:47] $alpha
INFO [2025-07-16 14:44:47] [1] 0.5
INFO [2025-07-16 14:44:47] 
INFO [2025-07-16 14:44:47] $cat.col
INFO [2025-07-16 14:44:47] c("#ED7F00", "#008080", "#6A5ACD")
INFO [2025-07-16 14:44:47] 
INFO [2025-07-16 14:44:47] $cex
INFO [2025-07-16 14:44:47] [1] 0
INFO [2025-07-16 14:44:47] 
INFO [2025-07-16 14:44:47] $cat.cex
INFO [2025-07-16 14:44:47] [1] 1.2
INFO [2025-07-16 14:44:47] 
INFO [2025-07-16 14:44:47] $lwd
INFO [2025-07-16 14:44:47] [1] 2
INFO [2025-07-16 14:44:47] 
INFO [2025-07-16 14:44:47] $main
INFO [2025-07-16 14:44:47] [1] "Job Seeker and Parenting Payment Eligibility Tests"
INFO [2025-07-16 14:44:47] 
