INFO [2025-01-24 15:43:01] $x
INFO [2025-01-24 15:43:01] list(`Asset Test` = which(Rep_rates_df_subset$Asset_test_flag == 
INFO [2025-01-24 15:43:01]     1), `Partner Test` = which(Rep_rates_df_subset$partner_test_flag == 
INFO [2025-01-24 15:43:01]     1), `Income Test (from non-work income)` = which(Rep_rates_df_subset$nonworkincome_income_test == 
INFO [2025-01-24 15:43:01]     1))
INFO [2025-01-24 15:43:01] 
INFO [2025-01-24 15:43:01] $filename
INFO [2025-01-24 15:43:01] NULL
INFO [2025-01-24 15:43:01] 
INFO [2025-01-24 15:43:01] $fill
INFO [2025-01-24 15:43:01] c("#ED7F00", "#008080", "#6A5ACD")
INFO [2025-01-24 15:43:01] 
INFO [2025-01-24 15:43:01] $alpha
INFO [2025-01-24 15:43:01] [1] 0.5
INFO [2025-01-24 15:43:01] 
INFO [2025-01-24 15:43:01] $cat.col
INFO [2025-01-24 15:43:01] c("#ED7F00", "#008080", "#6A5ACD")
INFO [2025-01-24 15:43:01] 
INFO [2025-01-24 15:43:01] $cex
INFO [2025-01-24 15:43:01] [1] 0
INFO [2025-01-24 15:43:01] 
INFO [2025-01-24 15:43:01] $cat.cex
INFO [2025-01-24 15:43:01] [1] 1.2
INFO [2025-01-24 15:43:01] 
INFO [2025-01-24 15:43:01] $lwd
INFO [2025-01-24 15:43:01] [1] 2
INFO [2025-01-24 15:43:01] 
INFO [2025-01-24 15:43:01] $main
INFO [2025-01-24 15:43:01] [1] "Job Seeker and Parenting Payment Eligibility Tests"
INFO [2025-01-24 15:43:01] 
