INFO [2025-01-30 17:03:02] $x
INFO [2025-01-30 17:03:02] list(`Asset Test` = which(Rep_rates_df_subset$Asset_test_flag == 
INFO [2025-01-30 17:03:02]     1), `Partner Test` = which(Rep_rates_df_subset$partner_test_flag == 
INFO [2025-01-30 17:03:02]     1), `Income Test (from non-work income)` = which(Rep_rates_df_subset$nonworkincome_income_test == 
INFO [2025-01-30 17:03:02]     1))
INFO [2025-01-30 17:03:02] 
INFO [2025-01-30 17:03:02] $filename
INFO [2025-01-30 17:03:02] NULL
INFO [2025-01-30 17:03:02] 
INFO [2025-01-30 17:03:02] $fill
INFO [2025-01-30 17:03:02] c("#ED7F00", "#008080", "#6A5ACD")
INFO [2025-01-30 17:03:02] 
INFO [2025-01-30 17:03:02] $alpha
INFO [2025-01-30 17:03:02] [1] 0.5
INFO [2025-01-30 17:03:02] 
INFO [2025-01-30 17:03:02] $cat.col
INFO [2025-01-30 17:03:02] c("#ED7F00", "#008080", "#6A5ACD")
INFO [2025-01-30 17:03:02] 
INFO [2025-01-30 17:03:02] $cex
INFO [2025-01-30 17:03:02] [1] 0
INFO [2025-01-30 17:03:02] 
INFO [2025-01-30 17:03:02] $cat.cex
INFO [2025-01-30 17:03:02] [1] 1.2
INFO [2025-01-30 17:03:02] 
INFO [2025-01-30 17:03:02] $lwd
INFO [2025-01-30 17:03:02] [1] 2
INFO [2025-01-30 17:03:02] 
INFO [2025-01-30 17:03:02] $main
INFO [2025-01-30 17:03:02] [1] "Job Seeker and Parenting Payment Eligibility Tests"
INFO [2025-01-30 17:03:02] 
