INFO [2025-02-13 08:37:54] $x
INFO [2025-02-13 08:37:54] list(`Asset Test` = which(Rep_rates_df_subset$Asset_test_flag == 
INFO [2025-02-13 08:37:54]     1), `Partner Test` = which(Rep_rates_df_subset$partner_test_flag == 
INFO [2025-02-13 08:37:54]     1), `Income Test (from non-work income)` = which(Rep_rates_df_subset$nonworkincome_income_test == 
INFO [2025-02-13 08:37:54]     1))
INFO [2025-02-13 08:37:54] 
INFO [2025-02-13 08:37:54] $filename
INFO [2025-02-13 08:37:54] NULL
INFO [2025-02-13 08:37:54] 
INFO [2025-02-13 08:37:54] $fill
INFO [2025-02-13 08:37:54] c("#ED7F00", "#008080", "#6A5ACD")
INFO [2025-02-13 08:37:54] 
INFO [2025-02-13 08:37:54] $alpha
INFO [2025-02-13 08:37:54] [1] 0.5
INFO [2025-02-13 08:37:54] 
INFO [2025-02-13 08:37:54] $cat.col
INFO [2025-02-13 08:37:54] c("#ED7F00", "#008080", "#6A5ACD")
INFO [2025-02-13 08:37:54] 
INFO [2025-02-13 08:37:54] $cex
INFO [2025-02-13 08:37:54] [1] 0
INFO [2025-02-13 08:37:54] 
INFO [2025-02-13 08:37:54] $cat.cex
INFO [2025-02-13 08:37:54] [1] 1.2
INFO [2025-02-13 08:37:54] 
INFO [2025-02-13 08:37:54] $lwd
INFO [2025-02-13 08:37:54] [1] 2
INFO [2025-02-13 08:37:54] 
INFO [2025-02-13 08:37:54] $main
INFO [2025-02-13 08:37:54] [1] "Job Seeker and Parenting Payment Eligibility Tests"
INFO [2025-02-13 08:37:54] 
