INFO [2025-01-30 11:04:19] $x
INFO [2025-01-30 11:04:19] list(`Asset Test` = which(Rep_rates_df_subset$Asset_test_flag == 
INFO [2025-01-30 11:04:19]     1), `Partner Test` = which(Rep_rates_df_subset$partner_test_flag == 
INFO [2025-01-30 11:04:19]     1), `Income Test (from non-work income)` = which(Rep_rates_df_subset$nonworkincome_income_test == 
INFO [2025-01-30 11:04:19]     1))
INFO [2025-01-30 11:04:19] 
INFO [2025-01-30 11:04:19] $filename
INFO [2025-01-30 11:04:19] NULL
INFO [2025-01-30 11:04:19] 
INFO [2025-01-30 11:04:19] $fill
INFO [2025-01-30 11:04:19] c("#ED7F00", "#008080", "#6A5ACD")
INFO [2025-01-30 11:04:19] 
INFO [2025-01-30 11:04:19] $alpha
INFO [2025-01-30 11:04:19] [1] 0.5
INFO [2025-01-30 11:04:19] 
INFO [2025-01-30 11:04:19] $cat.col
INFO [2025-01-30 11:04:19] c("#ED7F00", "#008080", "#6A5ACD")
INFO [2025-01-30 11:04:19] 
INFO [2025-01-30 11:04:19] $cex
INFO [2025-01-30 11:04:19] [1] 0
INFO [2025-01-30 11:04:19] 
INFO [2025-01-30 11:04:19] $cat.cex
INFO [2025-01-30 11:04:19] [1] 1.2
INFO [2025-01-30 11:04:19] 
INFO [2025-01-30 11:04:19] $lwd
INFO [2025-01-30 11:04:19] [1] 2
INFO [2025-01-30 11:04:19] 
INFO [2025-01-30 11:04:19] $main
INFO [2025-01-30 11:04:19] [1] "Job Seeker and Parenting Payment Eligibility Tests"
INFO [2025-01-30 11:04:19] 
