INFO [2025-04-15 10:25:18] $x
INFO [2025-04-15 10:25:18] list(`Asset Test` = which(Rep_rates_df_subset$Asset_test_flag == 
INFO [2025-04-15 10:25:18]     1), `Partner Test` = which(Rep_rates_df_subset$partner_test_flag == 
INFO [2025-04-15 10:25:18]     1), `Income Test (from non-work income)` = which(Rep_rates_df_subset$nonworkincome_income_test == 
INFO [2025-04-15 10:25:18]     1))
INFO [2025-04-15 10:25:18] 
INFO [2025-04-15 10:25:18] $filename
INFO [2025-04-15 10:25:18] NULL
INFO [2025-04-15 10:25:18] 
INFO [2025-04-15 10:25:18] $fill
INFO [2025-04-15 10:25:18] c("#ED7F00", "#008080", "#6A5ACD")
INFO [2025-04-15 10:25:18] 
INFO [2025-04-15 10:25:18] $alpha
INFO [2025-04-15 10:25:18] [1] 0.5
INFO [2025-04-15 10:25:18] 
INFO [2025-04-15 10:25:18] $cat.col
INFO [2025-04-15 10:25:18] c("#ED7F00", "#008080", "#6A5ACD")
INFO [2025-04-15 10:25:18] 
INFO [2025-04-15 10:25:18] $cex
INFO [2025-04-15 10:25:18] [1] 0
INFO [2025-04-15 10:25:18] 
INFO [2025-04-15 10:25:18] $cat.cex
INFO [2025-04-15 10:25:18] [1] 1.2
INFO [2025-04-15 10:25:18] 
INFO [2025-04-15 10:25:18] $lwd
INFO [2025-04-15 10:25:18] [1] 2
INFO [2025-04-15 10:25:18] 
INFO [2025-04-15 10:25:18] $main
INFO [2025-04-15 10:25:18] [1] "Job Seeker and Parenting Payment Eligibility Tests"
INFO [2025-04-15 10:25:18] 
