INFO [2025-07-28 13:23:42] $x
INFO [2025-07-28 13:23:42] list(`Asset Test` = which(Rep_rates_df_subset$Asset_test_flag == 
INFO [2025-07-28 13:23:42]     1), `Partner Test` = which(Rep_rates_df_subset$partner_test_flag == 
INFO [2025-07-28 13:23:42]     1), `Income Test (from non-work income)` = which(Rep_rates_df_subset$nonworkincome_income_test == 
INFO [2025-07-28 13:23:42]     1))
INFO [2025-07-28 13:23:42] 
INFO [2025-07-28 13:23:42] $filename
INFO [2025-07-28 13:23:42] NULL
INFO [2025-07-28 13:23:42] 
INFO [2025-07-28 13:23:42] $fill
INFO [2025-07-28 13:23:42] c("#ED7F00", "#008080", "#6A5ACD")
INFO [2025-07-28 13:23:42] 
INFO [2025-07-28 13:23:42] $alpha
INFO [2025-07-28 13:23:42] [1] 0.5
INFO [2025-07-28 13:23:42] 
INFO [2025-07-28 13:23:42] $cat.col
INFO [2025-07-28 13:23:42] c("#ED7F00", "#008080", "#6A5ACD")
INFO [2025-07-28 13:23:42] 
INFO [2025-07-28 13:23:42] $cex
INFO [2025-07-28 13:23:42] [1] 0
INFO [2025-07-28 13:23:42] 
INFO [2025-07-28 13:23:42] $cat.cex
INFO [2025-07-28 13:23:42] [1] 1.2
INFO [2025-07-28 13:23:42] 
INFO [2025-07-28 13:23:42] $lwd
INFO [2025-07-28 13:23:42] [1] 2
INFO [2025-07-28 13:23:42] 
INFO [2025-07-28 13:23:42] $main
INFO [2025-07-28 13:23:42] [1] "Job Seeker and Parenting Payment Eligibility Tests"
INFO [2025-07-28 13:23:42] 
